[0m2021.02.11 22:46:35 INFO  Started: Metals version 0.9.10 in workspace 'C:\Users\Hp\VisualStudio\Algorithms' for client vscode 1.53.0.[0m
[0m2021.02.11 22:46:40 INFO  time: initialize in 5.09s[0m
[0m2021.02.11 22:46:44 WARN  Build server is not auto-connectable.[0m
[0m2021.02.11 22:46:44 WARN  no build tool detected in workspace 'C:\Users\Hp\VisualStudio\Algorithms'. The most common cause for this problem is that the editor was opened in the wrong working directory, for example if you use sbt then the workspace directory should contain build.sbt. [0m
[0m2021.02.12 20:39:49 INFO  Started: Metals version 0.9.10 in workspace 'C:\Users\Hp\VisualStudio\Algorithms' for client vscode 1.53.1.[0m
[0m2021.02.12 20:39:54 INFO  time: initialize in 4.94s[0m
[0m2021.02.12 20:40:01 WARN  Build server is not auto-connectable.[0m
[0m2021.02.12 20:40:01 WARN  no build tool detected in workspace 'C:\Users\Hp\VisualStudio\Algorithms'. The most common cause for this problem is that the editor was opened in the wrong working directory, for example if you use sbt then the workspace directory should contain build.sbt. [0m
[0m2021.02.13 00:51:11 INFO  shutting down Metals[0m
[0m2021.02.13 14:19:02 INFO  Started: Metals version 0.9.10 in workspace 'C:\Users\Hp\VisualStudio\Algorithms' for client vscode 1.53.2.[0m
[0m2021.02.13 14:19:07 INFO  time: initialize in 4.89s[0m
[0m2021.02.13 14:19:10 WARN  Build server is not auto-connectable.[0m
[0m2021.02.13 14:19:10 WARN  no build tool detected in workspace 'C:\Users\Hp\VisualStudio\Algorithms'. The most common cause for this problem is that the editor was opened in the wrong working directory, for example if you use sbt then the workspace directory should contain build.sbt. [0m
[0m2021.02.13 14:38:29 INFO  shutting down Metals[0m
[0m2021.02.13 15:56:59 INFO  Started: Metals version 0.9.10 in workspace 'C:\Users\Hp\VisualStudio\Algorithms' for client vscode 1.53.2.[0m
[0m2021.02.13 15:57:02 INFO  time: initialize in 3.24s[0m
[0m2021.02.13 15:57:05 WARN  Build server is not auto-connectable.[0m
[0m2021.02.13 15:57:05 WARN  no build tool detected in workspace 'C:\Users\Hp\VisualStudio\Algorithms'. The most common cause for this problem is that the editor was opened in the wrong working directory, for example if you use sbt then the workspace directory should contain build.sbt. [0m
[0m2021.02.13 19:12:47 INFO  shutting down Metals[0m
[0m2021.02.14 00:06:22 INFO  Started: Metals version 0.9.10 in workspace 'C:\Users\Hp\VisualStudio\Algorithms' for client vscode 1.53.2.[0m
[0m2021.02.14 00:06:26 INFO  time: initialize in 3.57s[0m
[0m2021.02.14 00:06:28 WARN  Build server is not auto-connectable.[0m
[0m2021.02.14 00:06:28 WARN  no build tool detected in workspace 'C:\Users\Hp\VisualStudio\Algorithms'. The most common cause for this problem is that the editor was opened in the wrong working directory, for example if you use sbt then the workspace directory should contain build.sbt. [0m
Feb 14, 2021 1:06:04 AM org.eclipse.lsp4j.jsonrpc.RemoteEndpoint handleNotification
WARNING: Notification threw an exception: {
  "jsonrpc": "2.0",
  "method": "metals/didFocusTextDocument",
  "params": "jdt://contents/java.base/java.lang/Thread.class?%3DAlgorithms_31bee7b5%2FC%3A%5C%2FProgram%20Files%5C%2FJava%5C%2Fjdk-13.0.2%5C%2Flib%5C%2Fjrt-fs.jar%60java.base%3D%2Fjavadoc_location%3D%2Fhttps%3A%5C%2F%5C%2Fdocs.oracle.com%5C%2Fen%5C%2Fjava%5C%2Fjavase%5C%2F13%5C%2Fdocs%5C%2Fapi%5C%2F%3D%2F%3Cjava.lang%28Thread.class"
}
java.lang.RuntimeException: java.lang.reflect.InvocationTargetException
	at org.eclipse.lsp4j.jsonrpc.services.GenericEndpoint.lambda$null$0(GenericEndpoint.java:67)
	at org.eclipse.lsp4j.jsonrpc.services.GenericEndpoint.notify(GenericEndpoint.java:152)
	at org.eclipse.lsp4j.jsonrpc.RemoteEndpoint.handleNotification(RemoteEndpoint.java:220)
	at org.eclipse.lsp4j.jsonrpc.RemoteEndpoint.consume(RemoteEndpoint.java:187)
	at org.eclipse.lsp4j.jsonrpc.json.StreamMessageProducer.handleMessage(StreamMessageProducer.java:194)
	at org.eclipse.lsp4j.jsonrpc.json.StreamMessageProducer.listen(StreamMessageProducer.java:94)
	at org.eclipse.lsp4j.jsonrpc.json.ConcurrentMessageProcessor.run(ConcurrentMessageProcessor.java:113)
	at java.base/java.util.concurrent.Executors$RunnableAdapter.call(Executors.java:515)
	at java.base/java.util.concurrent.FutureTask.run(FutureTask.java:264)
	at java.base/java.util.concurrent.ThreadPoolExecutor.runWorker(ThreadPoolExecutor.java:1128)
	at java.base/java.util.concurrent.ThreadPoolExecutor$Worker.run(ThreadPoolExecutor.java:628)
	at java.base/java.lang.Thread.run(Thread.java:830)
Caused by: java.lang.reflect.InvocationTargetException
	at java.base/jdk.internal.reflect.NativeMethodAccessorImpl.invoke0(Native Method)
	at java.base/jdk.internal.reflect.NativeMethodAccessorImpl.invoke(NativeMethodAccessorImpl.java:62)
	at java.base/jdk.internal.reflect.DelegatingMethodAccessorImpl.invoke(DelegatingMethodAccessorImpl.java:43)
	at java.base/java.lang.reflect.Method.invoke(Method.java:567)
	at org.eclipse.lsp4j.jsonrpc.services.GenericEndpoint.lambda$null$0(GenericEndpoint.java:65)
	... 11 more
Caused by: java.nio.file.FileSystemNotFoundException: Provider "jdt" not installed
	at java.base/java.nio.file.Path.of(Path.java:212)
	at java.base/java.nio.file.Paths.get(Paths.java:98)
	at scala.meta.internal.metals.MetalsEnrichments$XtensionString.toAbsolutePath(MetalsEnrichments.scala:440)
	at scala.meta.internal.metals.MetalsEnrichments$XtensionString.toAbsolutePath(MetalsEnrichments.scala:437)
	at scala.meta.internal.metals.MetalsLanguageServer.didFocus(MetalsLanguageServer.scala:934)
	... 16 more

[0m2021.02.14 01:11:11 INFO  shutting down Metals[0m
[0m2021.02.18 21:04:36 INFO  Started: Metals version 0.9.10 in workspace 'C:\Users\Hp\VisualStudio\Algorithms' for client vscode 1.53.2.[0m
[0m2021.02.18 21:04:38 INFO  time: initialize in 2.51s[0m
[0m2021.02.18 21:04:41 WARN  Build server is not auto-connectable.[0m
[0m2021.02.18 21:04:41 WARN  no build tool detected in workspace 'C:\Users\Hp\VisualStudio\Algorithms'. The most common cause for this problem is that the editor was opened in the wrong working directory, for example if you use sbt then the workspace directory should contain build.sbt. [0m
[0m2021.02.19 01:05:27 INFO  shutting down Metals[0m
[0m2021.02.28 19:52:53 INFO  Started: Metals version 0.9.10 in workspace 'C:\Users\Hp\VisualStudio\Algorithms' for client vscode 1.53.2.[0m
[0m2021.02.28 19:52:56 INFO  time: initialize in 3.13s[0m
[0m2021.02.28 19:52:59 WARN  Build server is not auto-connectable.[0m
[0m2021.02.28 19:52:59 WARN  no build tool detected in workspace 'C:\Users\Hp\VisualStudio\Algorithms'. The most common cause for this problem is that the editor was opened in the wrong working directory, for example if you use sbt then the workspace directory should contain build.sbt. [0m
Feb 28, 2021 9:39:29 PM org.eclipse.lsp4j.jsonrpc.services.GenericEndpoint notify
INFO: Unsupported notification method: $/setTraceNotification
Feb 28, 2021 9:39:29 PM org.eclipse.lsp4j.jsonrpc.services.GenericEndpoint notify
INFO: Unsupported notification method: $/setTraceNotification
[0m2021.02.28 21:40:15 INFO  shutting down Metals[0m
[0m2021.03.10 22:10:04 INFO  Started: Metals version 0.10.0 in workspace 'C:\Users\Hp\VisualStudio\Algorithms' for client vscode 1.53.2.[0m
[0m2021.03.19 21:51:12 INFO  Started: Metals version 0.10.0 in workspace 'C:\Users\Hp\VisualStudio\Algorithms' for client vscode 1.54.1.[0m
[0m2021.03.19 21:51:16 INFO  time: initialize in 3.89s[0m
[0m2021.03.19 21:51:18 WARN  Build server is not auto-connectable.[0m
[0m2021.03.19 21:51:18 WARN  no build tool detected in workspace 'C:\Users\Hp\VisualStudio\Algorithms'. The most common cause for this problem is that the editor was opened in the wrong working directory, for example if you use sbt then the workspace directory should contain build.sbt. [0m
[0m2021.03.19 21:51:40 INFO  shutting down Metals[0m
[0m2021.03.27 22:20:56 INFO  Started: Metals version 0.10.0 in workspace 'C:\Users\Hp\VisualStudio\Algorithms' for client vscode 1.54.3.[0m
[0m2021.03.27 22:21:01 INFO  time: initialize in 5.16s[0m
[0m2021.03.27 22:21:05 WARN  Build server is not auto-connectable.[0m
[0m2021.03.27 22:21:05 WARN  no build tool detected in workspace 'C:\Users\Hp\VisualStudio\Algorithms'. The most common cause for this problem is that the editor was opened in the wrong working directory, for example if you use sbt then the workspace directory should contain build.sbt. [0m
[0m2021.03.27 22:21:05 INFO  shutting down Metals[0m
